2024/05/28 09:20:32 [info] 983: 监听10000端口成功!
2024/05/28 09:20:32 [notice] 984: master process ./nginx 984 【master进程】启动并开始运行......!
2024/05/28 09:20:34 [notice] 985: worker process 985 【worker进程】启动并开始运行......!
2024/05/28 09:20:34 [notice] 987: worker process 987 【worker进程】启动并开始运行......!
2024/05/28 09:20:34 [notice] 986: worker process 986 【worker进程】启动并开始运行......!
2024/05/28 09:20:34 [notice] 990: worker process 990 【worker进程】启动并开始运行......!
2024/05/29 17:35:03 [info] 3262: 监听10000端口成功!
2024/05/29 17:35:03 [notice] 3263: master process ./nginx 3263 【master进程】启动并开始运行......!
2024/05/29 17:35:04 [notice] 3264: worker process 3264 【worker进程】启动并开始运行......!
2024/05/29 17:35:04 [notice] 3268: worker process 3268 【worker进程】启动并开始运行......!
2024/05/29 17:35:04 [notice] 3266: worker process 3266 【worker进程】启动并开始运行......!
2024/05/29 17:35:04 [notice] 3265: worker process 3265 【worker进程】启动并开始运行......!
2024/05/29 17:38:31 [info] 5217: 监听10000端口成功!
2024/05/29 17:38:31 [notice] 5218: master process ./nginx 5218 【master进程】启动并开始运行......!
2024/05/29 17:38:32 [notice] 5219: worker process 5219 【worker进程】启动并开始运行......!
2024/05/29 17:38:32 [notice] 5220: worker process 5220 【worker进程】启动并开始运行......!
2024/05/29 17:38:32 [notice] 5221: worker process 5221 【worker进程】启动并开始运行......!
2024/05/29 17:38:32 [notice] 5223: worker process 5223 【worker进程】启动并开始运行......!
2024/05/30 09:56:05 [info] 7255: 监听10000端口成功!
2024/05/30 09:56:05 [notice] 7256: master process ./nginx 7256 【master进程】启动并开始运行......!
2024/05/30 09:56:06 [notice] 7260: worker process 7260 【worker进程】启动并开始运行......!
2024/05/30 09:56:06 [notice] 7258: worker process 7258 【worker进程】启动并开始运行......!
2024/05/30 09:56:06 [notice] 7259: worker process 7259 【worker进程】启动并开始运行......!
2024/05/30 09:56:06 [notice] 7257: worker process 7257 【worker进程】启动并开始运行......!
2024/05/30 09:57:48 [stderr] 7257: nginx: ------------------------------------begin--------------------------------------
2024/05/30 09:57:48 [stderr] 7257: nginx: 当前在线人数/总人数(1/2048)。
2024/05/30 09:57:48 [stderr] 7257: nginx: 连接池中空闲连接/总连接/要释放的连接(2046/2048/0)。
2024/05/30 09:57:48 [stderr] 7257: nginx: 当前时间队列大小(1)。
2024/05/30 09:57:48 [stderr] 7257: nginx: 当前收消息队列/发消息队列大小分别为(0/0)，丢弃的待发送数据包数量为0。
2024/05/30 09:57:48 [stderr] 7257: nginx: -------------------------------------end---------------------------------------
2024/05/30 09:58:14 [stderr] 7257: nginx: ------------------------------------begin--------------------------------------
2024/05/30 09:58:14 [stderr] 7257: nginx: 当前在线人数/总人数(1/2048)。
2024/05/30 09:58:14 [stderr] 7257: nginx: 连接池中空闲连接/总连接/要释放的连接(2046/2048/0)。
2024/05/30 09:58:14 [stderr] 7257: nginx: 当前时间队列大小(1)。
2024/05/30 09:58:14 [stderr] 7257: nginx: 当前收消息队列/发消息队列大小分别为(0/0)，丢弃的待发送数据包数量为0。
2024/05/30 09:58:14 [stderr] 7257: nginx: -------------------------------------end---------------------------------------
2024/05/30 09:59:12 [stderr] 7257: nginx: ------------------------------------begin--------------------------------------
2024/05/30 09:59:12 [stderr] 7257: nginx: 当前在线人数/总人数(2/2048)。
2024/05/30 09:59:12 [stderr] 7257: nginx: 连接池中空闲连接/总连接/要释放的连接(2045/2048/0)。
2024/05/30 09:59:12 [stderr] 7257: nginx: 当前时间队列大小(2)。
2024/05/30 09:59:12 [stderr] 7257: nginx: 当前收消息队列/发消息队列大小分别为(0/0)，丢弃的待发送数据包数量为0。
2024/05/30 09:59:12 [stderr] 7257: nginx: -------------------------------------end---------------------------------------
2024/05/30 09:59:29 [stderr] 7257: nginx: ------------------------------------begin--------------------------------------
2024/05/30 09:59:29 [stderr] 7257: nginx: 当前在线人数/总人数(1/2048)。
2024/05/30 09:59:29 [stderr] 7257: nginx: 连接池中空闲连接/总连接/要释放的连接(2045/2048/1)。
2024/05/30 09:59:29 [stderr] 7257: nginx: 当前时间队列大小(1)。
2024/05/30 09:59:29 [stderr] 7257: nginx: 当前收消息队列/发消息队列大小分别为(0/0)，丢弃的待发送数据包数量为0。
2024/05/30 09:59:29 [stderr] 7257: nginx: -------------------------------------end---------------------------------------
2024/05/30 09:59:44 [stderr] 7257: nginx: ------------------------------------begin--------------------------------------
2024/05/30 09:59:44 [stderr] 7257: nginx: 当前在线人数/总人数(0/2048)。
2024/05/30 09:59:44 [stderr] 7257: nginx: 连接池中空闲连接/总连接/要释放的连接(2045/2048/2)。
2024/05/30 09:59:44 [stderr] 7257: nginx: 当前时间队列大小(0)。
2024/05/30 09:59:44 [stderr] 7257: nginx: 当前收消息队列/发消息队列大小分别为(0/0)，丢弃的待发送数据包数量为0。
2024/05/30 09:59:44 [stderr] 7257: nginx: -------------------------------------end---------------------------------------
2024/05/31 09:46:14 [info] 1670: 监听10000端口成功!
2024/05/31 09:46:14 [notice] 1671: master process ./nginx 1671 【master进程】启动并开始运行......!
2024/05/31 09:46:16 [notice] 1672: worker process 1672 【worker进程】启动并开始运行......!
2024/05/31 09:46:16 [notice] 1674: worker process 1674 【worker进程】启动并开始运行......!
2024/05/31 09:46:16 [notice] 1676: worker process 1676 【worker进程】启动并开始运行......!
2024/05/31 09:46:16 [notice] 1673: worker process 1673 【worker进程】启动并开始运行......!
2024/05/31 09:46:23 [stderr] 1673: nginx: ------------------------------------begin--------------------------------------
2024/05/31 09:46:23 [stderr] 1673: nginx: 当前在线人数/总人数(1/2048)。
2024/05/31 09:46:23 [stderr] 1673: nginx: 连接池中空闲连接/总连接/要释放的连接(2046/2048/0)。
2024/05/31 09:46:23 [stderr] 1673: nginx: 当前时间队列大小(1)。
2024/05/31 09:46:23 [stderr] 1673: nginx: 当前收消息队列/发消息队列大小分别为(0/0)，丢弃的待发送数据包数量为0。
2024/05/31 09:46:23 [stderr] 1673: nginx: -------------------------------------end---------------------------------------
